05_Button_StartActivity/app/build/intermediates/manifest_merge_blame_file/debug/manifest-merger-blame-debug-report.txt
1<?xml version="1.0" encoding="utf-8"?>
2<manifest xmlns:android="http://schemas.android.com/apk/res/android"
3    package="cn.edu.cqu.buttontoast"
4    android:versionCode="1"
5    android:versionName="1.0" >
6
7    <uses-sdk
7-->src/main/AndroidManifest.xml:7:5-47
8        android:minSdkVersion="14"
8-->src/main/AndroidManifest.xml:7:5-47
9        android:targetSdkVersion="29" />
9-->src/main/AndroidManifest.xml:7:15-44
10
11    <application
11-->src/main/AndroidManifest.xml:9:5-27:19
12        android:allowBackup="true"
12-->src/main/AndroidManifest.xml:10:9-35
13        android:appComponentFactory="androidx.core.app.CoreComponentFactory"
13-->[androidx.core:core:1.0.1] AndroidManifest.xml:22:18-86
14        android:debuggable="true"
15        android:icon="@drawable/ic_launcher"
15-->src/main/AndroidManifest.xml:11:9-45
16        android:label="@string/app_name"
16-->src/main/AndroidManifest.xml:12:9-41
17        android:theme="@style/AppTheme" >
17-->src/main/AndroidManifest.xml:13:9-40
18        <activity
18-->src/main/AndroidManifest.xml:14:9-22:20
19            android:name="cn.edu.cqu.buttontoast.MainActivity"
19-->src/main/AndroidManifest.xml:15:13-63
20            android:label="@string/app_name" >
20-->src/main/AndroidManifest.xml:16:13-45
21            <intent-filter>
21-->src/main/AndroidManifest.xml:17:13-21:29
22                <action android:name="android.intent.action.MAIN" />
22-->src/main/AndroidManifest.xml:18:17-69
22-->src/main/AndroidManifest.xml:18:25-66
23
24                <category android:name="android.intent.category.LAUNCHER" />
24-->src/main/AndroidManifest.xml:20:17-77
24-->src/main/AndroidManifest.xml:20:27-74
25            </intent-filter>
26        </activity>
27        <activity
27-->src/main/AndroidManifest.xml:23:9-26:20
28            android:name="cn.edu.cqu.buttontoast.SecondActivity"
28-->src/main/AndroidManifest.xml:24:13-65
29            android:label="@string/app_name" >
29-->src/main/AndroidManifest.xml:25:13-45
30        </activity>
31    </application>
32
33</manifest>